2016-04-08 14:49:16 WARN  CheckerCorrectScheme:39 - This file does not meet the scheme schema_reference.4: Failed to read schema document 'file:/home/igladush/IdeaProjects/http/configurationSchem.xsd', because 1) could not find the document; 2) the document could not be read; 3) the root element of the document is not <xsd:schema>.
2016-04-08 14:50:03 WARN  CheckerCorrectScheme:39 - This file does not meet the scheme schema_reference.4: Failed to read schema document 'file:/home/igladush/IdeaProjects/http/configurationSchem.xsd', because 1) could not find the document; 2) the document could not be read; 3) the root element of the document is not <xsd:schema>.
2016-04-08 14:53:07 WARN  CheckerCorrectScheme:39 - This file does not meet the scheme schema_reference.4: Failed to read schema document 'file:/home/igladush/IdeaProjects/http/configurationSchem.xsd', because 1) could not find the document; 2) the document could not be read; 3) the root element of the document is not <xsd:schema>.
2016-04-08 14:53:14 WARN  CheckerCorrectScheme:39 - This file does not meet the scheme schema_reference.4: Failed to read schema document 'file:/home/igladush/IdeaProjects/http/configurationSchem.xsd', because 1) could not find the document; 2) the document could not be read; 3) the root element of the document is not <xsd:schema>.
2016-04-08 14:53:49 WARN  CheckerCorrectScheme:39 - This file does not meet the scheme schema_reference.4: Failed to read schema document 'file:/home/igladush/IdeaProjects/http/configurationSchem.xsd', because 1) could not find the document; 2) the document could not be read; 3) the root element of the document is not <xsd:schema>.
2016-04-08 14:54:08 WARN  CheckerCorrectScheme:39 - This file does not meet the scheme schema_reference.4: Failed to read schema document 'file:/home/igladush/IdeaProjects/http/configurationSchem.xsd', because 1) could not find the document; 2) the document could not be read; 3) the root element of the document is not <xsd:schema>.
2016-04-08 14:55:46 WARN  CheckerCorrectScheme:40 - This file does not meet the scheme /home/igladush/IdeaProjects/http/structure.xml (No such file or directory)
2016-04-08 14:56:55 WARN  CheckerCorrectScheme:40 - This file does not meet the scheme /home/igladush/IdeaProjects/http/structure.xml (No such file or directory)
2016-04-08 14:57:22 WARN  CheckerCorrectScheme:40 - This file does not meet the scheme /home/igladush/IdeaProjects/http/structure.xml (No such file or directory)
2016-04-08 14:58:20 WARN  CheckerCorrectScheme:40 - This file does not meet the scheme /home/igladush/IdeaProjects/http/structure.xml (No such file or directory)
2016-04-08 14:58:51 WARN  CheckerCorrectScheme:40 - This file does not meet the scheme /home/igladush/IdeaProjects/http/site/target/site-0.1-0.jar/structure.xml (Not a directory)
2016-04-08 14:59:40 WARN  CheckerCorrectScheme:40 - This file does not meet the scheme /home/igladush/IdeaProjects/http/site/target/site-0.1-0.jar/structure.xml (Not a directory)
2016-04-08 15:00:00 WARN  CheckerCorrectScheme:40 - This file does not meet the scheme /home/igladush/IdeaProjects/http/site/target/site-0.1-0.jar/structure.xml (Not a directory)
2016-04-08 15:37:14 INFO  UnPackJar:32 - Extracting file: META-INF/
2016-04-08 15:37:14 INFO  UnPackJar:32 - Extracting file: META-INF/MANIFEST.MF
2016-04-08 15:37:14 INFO  UnPackJar:32 - Extracting file: page/
2016-04-08 15:37:14 INFO  UnPackJar:32 - Extracting file: request/
2016-04-08 15:37:14 INFO  UnPackJar:32 - Extracting file: page/PageLoader.class
2016-04-08 15:37:14 INFO  UnPackJar:32 - Extracting file: page/Page.class
2016-04-08 15:37:14 INFO  UnPackJar:32 - Extracting file: page/WebPage.class
2016-04-08 15:37:14 INFO  UnPackJar:32 - Extracting file: page/PageHolder.class
2016-04-08 15:37:14 INFO  UnPackJar:32 - Extracting file: request/TypeRequest.class
2016-04-08 15:37:14 INFO  UnPackJar:32 - Extracting file: request/RequestProcessor.class
2016-04-08 15:37:14 INFO  UnPackJar:32 - Extracting file: request/Request.class
2016-04-08 15:37:14 INFO  UnPackJar:32 - Extracting file: META-INF/maven/
2016-04-08 15:37:14 INFO  UnPackJar:32 - Extracting file: META-INF/maven/com.vanya/
2016-04-08 15:37:14 INFO  UnPackJar:32 - Extracting file: META-INF/maven/com.vanya/api/
2016-04-08 15:37:14 INFO  UnPackJar:32 - Extracting file: META-INF/maven/com.vanya/api/pom.xml
2016-04-08 15:37:14 INFO  UnPackJar:32 - Extracting file: META-INF/maven/com.vanya/api/pom.properties
2016-04-08 15:43:12 INFO  UnPackJar:30 - Extracting file: META-INF/
2016-04-08 15:43:12 INFO  UnPackJar:30 - Extracting file: META-INF/MANIFEST.MF
2016-04-08 15:43:12 INFO  UnPackJar:30 - Extracting file: page/
2016-04-08 15:43:12 INFO  UnPackJar:30 - Extracting file: request/
2016-04-08 15:43:12 INFO  UnPackJar:30 - Extracting file: page/PageLoader.class
2016-04-08 15:43:12 INFO  UnPackJar:30 - Extracting file: page/Page.class
2016-04-08 15:43:12 INFO  UnPackJar:30 - Extracting file: page/WebPage.class
2016-04-08 15:43:12 INFO  UnPackJar:30 - Extracting file: page/PageHolder.class
2016-04-08 15:43:12 INFO  UnPackJar:30 - Extracting file: request/TypeRequest.class
2016-04-08 15:43:12 INFO  UnPackJar:30 - Extracting file: request/RequestProcessor.class
2016-04-08 15:43:12 INFO  UnPackJar:30 - Extracting file: request/Request.class
2016-04-08 15:43:12 INFO  UnPackJar:30 - Extracting file: META-INF/maven/
2016-04-08 15:43:12 INFO  UnPackJar:30 - Extracting file: META-INF/maven/com.vanya/
2016-04-08 15:43:12 INFO  UnPackJar:30 - Extracting file: META-INF/maven/com.vanya/api/
2016-04-08 15:43:12 INFO  UnPackJar:30 - Extracting file: META-INF/maven/com.vanya/api/pom.xml
2016-04-08 15:43:12 INFO  UnPackJar:30 - Extracting file: META-INF/maven/com.vanya/api/pom.properties
2016-04-08 15:57:12 INFO  UnPackJar:30 - Extracting file: META-INF/
2016-04-08 15:57:12 INFO  UnPackJar:30 - Extracting file: META-INF/MANIFEST.MF
2016-04-08 15:57:12 INFO  UnPackJar:30 - Extracting file: page/
2016-04-08 15:57:12 INFO  UnPackJar:30 - Extracting file: request/
2016-04-08 15:57:12 INFO  UnPackJar:30 - Extracting file: page/PageLoader.class
2016-04-08 15:57:12 INFO  UnPackJar:30 - Extracting file: page/Page.class
2016-04-08 15:57:12 INFO  UnPackJar:30 - Extracting file: page/WebPage.class
2016-04-08 15:57:12 INFO  UnPackJar:30 - Extracting file: page/PageHolder.class
2016-04-08 15:57:12 INFO  UnPackJar:30 - Extracting file: request/TypeRequest.class
2016-04-08 15:57:12 INFO  UnPackJar:30 - Extracting file: request/RequestProcessor.class
2016-04-08 15:57:12 INFO  UnPackJar:30 - Extracting file: request/Request.class
2016-04-08 15:57:12 INFO  UnPackJar:30 - Extracting file: META-INF/maven/
2016-04-08 15:57:12 INFO  UnPackJar:30 - Extracting file: META-INF/maven/com.vanya/
2016-04-08 15:57:12 INFO  UnPackJar:30 - Extracting file: META-INF/maven/com.vanya/api/
2016-04-08 15:57:12 INFO  UnPackJar:30 - Extracting file: META-INF/maven/com.vanya/api/pom.xml
2016-04-08 15:57:12 INFO  UnPackJar:30 - Extracting file: META-INF/maven/com.vanya/api/pom.properties
2016-04-08 16:02:00 INFO  UnPackJar:30 - Extracting file: META-INF/
2016-04-08 16:02:00 INFO  UnPackJar:30 - Extracting file: META-INF/MANIFEST.MF
2016-04-08 16:02:00 INFO  UnPackJar:30 - Extracting file: processor/
2016-04-08 16:02:00 INFO  UnPackJar:30 - Extracting file: processor/ExitPage.class
2016-04-08 16:02:00 INFO  UnPackJar:30 - Extracting file: processor/Main.class
2016-04-08 16:02:00 INFO  UnPackJar:30 - Extracting file: structure.xml
2016-04-08 16:02:00 INFO  UnPackJar:30 - Extracting file: META-INF/maven/
2016-04-08 16:02:00 INFO  UnPackJar:30 - Extracting file: META-INF/maven/com.vanya/
2016-04-08 16:02:00 INFO  UnPackJar:30 - Extracting file: META-INF/maven/com.vanya/site/
2016-04-08 16:02:00 INFO  UnPackJar:30 - Extracting file: META-INF/maven/com.vanya/site/pom.xml
2016-04-08 16:02:00 INFO  UnPackJar:30 - Extracting file: META-INF/maven/com.vanya/site/pom.properties
2016-04-08 16:02:17 INFO  UnPackJar:30 - Extracting file: META-INF/
2016-04-08 16:02:17 INFO  UnPackJar:30 - Extracting file: META-INF/MANIFEST.MF
2016-04-08 16:02:17 INFO  UnPackJar:30 - Extracting file: processor/
2016-04-08 16:02:17 INFO  UnPackJar:30 - Extracting file: processor/ExitPage.class
2016-04-08 16:02:17 INFO  UnPackJar:30 - Extracting file: processor/Main.class
2016-04-08 16:02:17 INFO  UnPackJar:30 - Extracting file: structure.xml
2016-04-08 16:02:17 INFO  UnPackJar:30 - Extracting file: META-INF/maven/
2016-04-08 16:02:17 INFO  UnPackJar:30 - Extracting file: META-INF/maven/com.vanya/
2016-04-08 16:02:17 INFO  UnPackJar:30 - Extracting file: META-INF/maven/com.vanya/site/
2016-04-08 16:02:17 INFO  UnPackJar:30 - Extracting file: META-INF/maven/com.vanya/site/pom.xml
2016-04-08 16:02:17 INFO  UnPackJar:30 - Extracting file: META-INF/maven/com.vanya/site/pom.properties
2016-04-08 16:03:35 INFO  UnPackJar:30 - Extracting file: META-INF/
2016-04-08 16:03:35 INFO  UnPackJar:30 - Extracting file: META-INF/MANIFEST.MF
2016-04-08 16:03:35 INFO  UnPackJar:30 - Extracting file: processor/
2016-04-08 16:03:35 INFO  UnPackJar:30 - Extracting file: processor/ExitPage.class
2016-04-08 16:03:35 INFO  UnPackJar:30 - Extracting file: processor/Main.class
2016-04-08 16:03:35 INFO  UnPackJar:30 - Extracting file: structure.xml
2016-04-08 16:03:35 INFO  UnPackJar:30 - Extracting file: META-INF/maven/
2016-04-08 16:03:35 INFO  UnPackJar:30 - Extracting file: META-INF/maven/com.vanya/
2016-04-08 16:03:35 INFO  UnPackJar:30 - Extracting file: META-INF/maven/com.vanya/site/
2016-04-08 16:03:35 INFO  UnPackJar:30 - Extracting file: META-INF/maven/com.vanya/site/pom.xml
2016-04-08 16:03:35 INFO  UnPackJar:30 - Extracting file: META-INF/maven/com.vanya/site/pom.properties
2016-04-08 16:03:52 INFO  UnPackJar:30 - Extracting file: META-INF/
2016-04-08 16:03:52 INFO  UnPackJar:30 - Extracting file: META-INF/MANIFEST.MF
2016-04-08 16:03:52 INFO  UnPackJar:30 - Extracting file: processor/
2016-04-08 16:03:52 INFO  UnPackJar:30 - Extracting file: processor/ExitPage.class
2016-04-08 16:03:52 INFO  UnPackJar:30 - Extracting file: processor/Main.class
2016-04-08 16:03:52 INFO  UnPackJar:30 - Extracting file: structure.xml
2016-04-08 16:03:52 INFO  UnPackJar:30 - Extracting file: META-INF/maven/
2016-04-08 16:03:52 INFO  UnPackJar:30 - Extracting file: META-INF/maven/com.vanya/
2016-04-08 16:03:52 INFO  UnPackJar:30 - Extracting file: META-INF/maven/com.vanya/site/
2016-04-08 16:03:52 INFO  UnPackJar:30 - Extracting file: META-INF/maven/com.vanya/site/pom.xml
2016-04-08 16:03:52 INFO  UnPackJar:30 - Extracting file: META-INF/maven/com.vanya/site/pom.properties
2016-04-08 16:04:10 INFO  UnPackJar:30 - Extracting file: META-INF/
2016-04-08 16:04:10 INFO  UnPackJar:30 - Extracting file: META-INF/MANIFEST.MF
2016-04-08 16:04:10 INFO  UnPackJar:30 - Extracting file: processor/
2016-04-08 16:04:10 INFO  UnPackJar:30 - Extracting file: processor/ExitPage.class
2016-04-08 16:04:10 INFO  UnPackJar:30 - Extracting file: processor/Main.class
2016-04-08 16:04:10 INFO  UnPackJar:30 - Extracting file: structure.xml
2016-04-08 16:04:10 INFO  UnPackJar:30 - Extracting file: META-INF/maven/
2016-04-08 16:04:10 INFO  UnPackJar:30 - Extracting file: META-INF/maven/com.vanya/
2016-04-08 16:04:10 INFO  UnPackJar:30 - Extracting file: META-INF/maven/com.vanya/site/
2016-04-08 16:04:10 INFO  UnPackJar:30 - Extracting file: META-INF/maven/com.vanya/site/pom.xml
2016-04-08 16:04:10 INFO  UnPackJar:30 - Extracting file: META-INF/maven/com.vanya/site/pom.properties
2016-04-08 16:08:30 INFO  UnPackJar:30 - Extracting file: META-INF/
2016-04-08 16:08:30 INFO  UnPackJar:30 - Extracting file: META-INF/MANIFEST.MF
2016-04-08 16:08:30 INFO  UnPackJar:30 - Extracting file: processor/
2016-04-08 16:08:30 INFO  UnPackJar:30 - Extracting file: processor/ExitPage.class
2016-04-08 16:08:30 INFO  UnPackJar:30 - Extracting file: processor/Main.class
2016-04-08 16:08:30 INFO  UnPackJar:30 - Extracting file: structure.xml
2016-04-08 16:08:30 INFO  UnPackJar:30 - Extracting file: META-INF/maven/
2016-04-08 16:08:30 INFO  UnPackJar:30 - Extracting file: META-INF/maven/com.vanya/
2016-04-08 16:08:30 INFO  UnPackJar:30 - Extracting file: META-INF/maven/com.vanya/site/
2016-04-08 16:08:30 INFO  UnPackJar:30 - Extracting file: META-INF/maven/com.vanya/site/pom.xml
2016-04-08 16:08:30 INFO  UnPackJar:30 - Extracting file: META-INF/maven/com.vanya/site/pom.properties
2016-04-08 16:33:13 INFO  UnPackJar:30 - Extracting file: META-INF/
2016-04-08 16:33:13 INFO  UnPackJar:30 - Extracting file: META-INF/MANIFEST.MF
2016-04-08 16:33:13 INFO  UnPackJar:30 - Extracting file: processor/
2016-04-08 16:33:13 INFO  UnPackJar:30 - Extracting file: processor/ExitPage.class
2016-04-08 16:33:13 INFO  UnPackJar:30 - Extracting file: processor/Main.class
2016-04-08 16:33:13 INFO  UnPackJar:30 - Extracting file: structure.xml
2016-04-08 16:33:13 INFO  UnPackJar:30 - Extracting file: META-INF/maven/
2016-04-08 16:33:13 INFO  UnPackJar:30 - Extracting file: META-INF/maven/com.vanya/
2016-04-08 16:33:13 INFO  UnPackJar:30 - Extracting file: META-INF/maven/com.vanya/site/
2016-04-08 16:33:13 INFO  UnPackJar:30 - Extracting file: META-INF/maven/com.vanya/site/pom.xml
2016-04-08 16:33:13 INFO  UnPackJar:30 - Extracting file: META-INF/maven/com.vanya/site/pom.properties
2016-04-08 16:40:20 INFO  UnPackJar:30 - Extracting file: META-INF/
2016-04-08 16:40:20 INFO  UnPackJar:30 - Extracting file: META-INF/MANIFEST.MF
2016-04-08 16:40:20 INFO  UnPackJar:30 - Extracting file: processor/
2016-04-08 16:40:20 INFO  UnPackJar:30 - Extracting file: processor/ExitPage.class
2016-04-08 16:40:20 INFO  UnPackJar:30 - Extracting file: processor/Main.class
2016-04-08 16:40:20 INFO  UnPackJar:30 - Extracting file: structure.xml
2016-04-08 16:40:20 INFO  UnPackJar:30 - Extracting file: META-INF/maven/
2016-04-08 16:40:20 INFO  UnPackJar:30 - Extracting file: META-INF/maven/com.vanya/
2016-04-08 16:40:20 INFO  UnPackJar:30 - Extracting file: META-INF/maven/com.vanya/site/
2016-04-08 16:40:20 INFO  UnPackJar:30 - Extracting file: META-INF/maven/com.vanya/site/pom.xml
2016-04-08 16:40:20 INFO  UnPackJar:30 - Extracting file: META-INF/maven/com.vanya/site/pom.properties
2016-04-08 16:40:20 ERROR ProcessorHolder:42 - Exception in pars file Content is not allowed in prolog.
2016-04-08 16:40:26 INFO  UnPackJar:30 - Extracting file: META-INF/
2016-04-08 16:40:26 INFO  UnPackJar:30 - Extracting file: META-INF/MANIFEST.MF
2016-04-08 16:40:26 INFO  UnPackJar:30 - Extracting file: processor/
2016-04-08 16:40:26 INFO  UnPackJar:30 - Extracting file: processor/ExitPage.class
2016-04-08 16:40:26 INFO  UnPackJar:30 - Extracting file: processor/Main.class
2016-04-08 16:40:26 INFO  UnPackJar:30 - Extracting file: structure.xml
2016-04-08 16:40:26 INFO  UnPackJar:30 - Extracting file: META-INF/maven/
2016-04-08 16:40:26 INFO  UnPackJar:30 - Extracting file: META-INF/maven/com.vanya/
2016-04-08 16:40:26 INFO  UnPackJar:30 - Extracting file: META-INF/maven/com.vanya/site/
2016-04-08 16:40:26 INFO  UnPackJar:30 - Extracting file: META-INF/maven/com.vanya/site/pom.xml
2016-04-08 16:40:26 INFO  UnPackJar:30 - Extracting file: META-INF/maven/com.vanya/site/pom.properties
2016-04-08 16:40:26 ERROR ProcessorHolder:42 - Exception in pars file Content is not allowed in prolog.
2016-04-08 16:40:36 INFO  UnPackJar:30 - Extracting file: META-INF/
2016-04-08 16:40:36 INFO  UnPackJar:30 - Extracting file: META-INF/MANIFEST.MF
2016-04-08 16:40:36 INFO  UnPackJar:30 - Extracting file: processor/
2016-04-08 16:40:36 INFO  UnPackJar:30 - Extracting file: processor/ExitPage.class
2016-04-08 16:40:36 INFO  UnPackJar:30 - Extracting file: processor/Main.class
2016-04-08 16:40:36 INFO  UnPackJar:30 - Extracting file: structure.xml
2016-04-08 16:40:36 INFO  UnPackJar:30 - Extracting file: META-INF/maven/
2016-04-08 16:40:36 INFO  UnPackJar:30 - Extracting file: META-INF/maven/com.vanya/
2016-04-08 16:40:36 INFO  UnPackJar:30 - Extracting file: META-INF/maven/com.vanya/site/
2016-04-08 16:40:36 INFO  UnPackJar:30 - Extracting file: META-INF/maven/com.vanya/site/pom.xml
2016-04-08 16:40:36 INFO  UnPackJar:30 - Extracting file: META-INF/maven/com.vanya/site/pom.properties
2016-04-08 16:40:44 ERROR ProcessorHolder:42 - Exception in pars file Content is not allowed in prolog.
2016-04-08 16:43:04 INFO  UnPackJar:30 - Extracting file: META-INF/
2016-04-08 16:43:04 INFO  UnPackJar:30 - Extracting file: META-INF/MANIFEST.MF
2016-04-08 16:43:04 INFO  UnPackJar:30 - Extracting file: processor/
2016-04-08 16:43:04 INFO  UnPackJar:30 - Extracting file: processor/ExitPage.class
2016-04-08 16:43:04 INFO  UnPackJar:30 - Extracting file: processor/Main.class
2016-04-08 16:43:04 INFO  UnPackJar:30 - Extracting file: structure.xml
2016-04-08 16:43:04 INFO  UnPackJar:30 - Extracting file: META-INF/maven/
2016-04-08 16:43:04 INFO  UnPackJar:30 - Extracting file: META-INF/maven/com.vanya/
2016-04-08 16:43:04 INFO  UnPackJar:30 - Extracting file: META-INF/maven/com.vanya/site/
2016-04-08 16:43:04 INFO  UnPackJar:30 - Extracting file: META-INF/maven/com.vanya/site/pom.xml
2016-04-08 16:43:04 INFO  UnPackJar:30 - Extracting file: META-INF/maven/com.vanya/site/pom.properties
2016-04-08 16:43:07 ERROR ProcessorHolder:42 - Exception in pars file /home/igladush/IdeaProjects/http/tempdir/tempdir (No such file or directory)
2016-04-08 16:43:30 INFO  UnPackJar:30 - Extracting file: META-INF/
2016-04-08 16:43:30 INFO  UnPackJar:30 - Extracting file: META-INF/MANIFEST.MF
2016-04-08 16:43:30 INFO  UnPackJar:30 - Extracting file: processor/
2016-04-08 16:43:30 INFO  UnPackJar:30 - Extracting file: processor/ExitPage.class
2016-04-08 16:43:30 INFO  UnPackJar:30 - Extracting file: processor/Main.class
2016-04-08 16:43:30 INFO  UnPackJar:30 - Extracting file: structure.xml
2016-04-08 16:43:30 INFO  UnPackJar:30 - Extracting file: META-INF/maven/
2016-04-08 16:43:30 INFO  UnPackJar:30 - Extracting file: META-INF/maven/com.vanya/
2016-04-08 16:43:30 INFO  UnPackJar:30 - Extracting file: META-INF/maven/com.vanya/site/
2016-04-08 16:43:30 INFO  UnPackJar:30 - Extracting file: META-INF/maven/com.vanya/site/pom.xml
2016-04-08 16:43:30 INFO  UnPackJar:30 - Extracting file: META-INF/maven/com.vanya/site/pom.properties
2016-04-08 16:43:33 ERROR ProcessorHolder:42 - Exception in pars file Content is not allowed in prolog.
2016-04-08 16:45:05 INFO  UnPackJar:30 - Extracting file: META-INF/
2016-04-08 16:45:05 INFO  UnPackJar:30 - Extracting file: META-INF/MANIFEST.MF
2016-04-08 16:45:05 INFO  UnPackJar:30 - Extracting file: processor/
2016-04-08 16:45:05 INFO  UnPackJar:30 - Extracting file: processor/ExitPage.class
2016-04-08 16:45:05 INFO  UnPackJar:30 - Extracting file: processor/Main.class
2016-04-08 16:45:05 INFO  UnPackJar:30 - Extracting file: structure.xml
2016-04-08 16:45:05 INFO  UnPackJar:30 - Extracting file: META-INF/maven/
2016-04-08 16:45:05 INFO  UnPackJar:30 - Extracting file: META-INF/maven/com.vanya/
2016-04-08 16:45:05 INFO  UnPackJar:30 - Extracting file: META-INF/maven/com.vanya/site/
2016-04-08 16:45:05 INFO  UnPackJar:30 - Extracting file: META-INF/maven/com.vanya/site/pom.xml
2016-04-08 16:45:05 INFO  UnPackJar:30 - Extracting file: META-INF/maven/com.vanya/site/pom.properties
2016-04-08 16:45:05 ERROR ProcessorHolder:42 - Exception in pars file Content is not allowed in prolog.
2016-04-08 16:46:26 INFO  UnPackJar:30 - Extracting file: META-INF/
2016-04-08 16:46:26 INFO  UnPackJar:30 - Extracting file: META-INF/MANIFEST.MF
2016-04-08 16:46:26 INFO  UnPackJar:30 - Extracting file: processor/
2016-04-08 16:46:26 INFO  UnPackJar:30 - Extracting file: processor/ExitPage.class
2016-04-08 16:46:26 INFO  UnPackJar:30 - Extracting file: processor/Main.class
2016-04-08 16:46:26 INFO  UnPackJar:30 - Extracting file: structure.xml
2016-04-08 16:46:26 INFO  UnPackJar:30 - Extracting file: META-INF/maven/
2016-04-08 16:46:26 INFO  UnPackJar:30 - Extracting file: META-INF/maven/com.vanya/
2016-04-08 16:46:26 INFO  UnPackJar:30 - Extracting file: META-INF/maven/com.vanya/site/
2016-04-08 16:46:26 INFO  UnPackJar:30 - Extracting file: META-INF/maven/com.vanya/site/pom.xml
2016-04-08 16:46:26 INFO  UnPackJar:30 - Extracting file: META-INF/maven/com.vanya/site/pom.properties
2016-04-08 16:46:26 ERROR ProcessorHolder:69 - I can't create instance class processor.Exit, because processor.Exit
2016-04-08 16:46:58 INFO  UnPackJar:30 - Extracting file: META-INF/
2016-04-08 16:46:58 INFO  UnPackJar:30 - Extracting file: META-INF/MANIFEST.MF
2016-04-08 16:46:58 INFO  UnPackJar:30 - Extracting file: processor/
2016-04-08 16:46:58 INFO  UnPackJar:30 - Extracting file: processor/ExitPage.class
2016-04-08 16:46:58 INFO  UnPackJar:30 - Extracting file: processor/Main.class
2016-04-08 16:46:58 INFO  UnPackJar:30 - Extracting file: structure.xml
2016-04-08 16:46:58 INFO  UnPackJar:30 - Extracting file: META-INF/maven/
2016-04-08 16:46:58 INFO  UnPackJar:30 - Extracting file: META-INF/maven/com.vanya/
2016-04-08 16:46:58 INFO  UnPackJar:30 - Extracting file: META-INF/maven/com.vanya/site/
2016-04-08 16:46:58 INFO  UnPackJar:30 - Extracting file: META-INF/maven/com.vanya/site/pom.xml
2016-04-08 16:46:58 INFO  UnPackJar:30 - Extracting file: META-INF/maven/com.vanya/site/pom.properties
2016-04-08 16:48:19 INFO  UnPackJar:30 - Extracting file: META-INF/
2016-04-08 16:48:19 INFO  UnPackJar:30 - Extracting file: META-INF/MANIFEST.MF
2016-04-08 16:48:19 INFO  UnPackJar:30 - Extracting file: processor/
2016-04-08 16:48:19 INFO  UnPackJar:30 - Extracting file: processor/ExitPage.class
2016-04-08 16:48:19 INFO  UnPackJar:30 - Extracting file: processor/Main.class
2016-04-08 16:48:19 INFO  UnPackJar:30 - Extracting file: structure.xml
2016-04-08 16:48:19 INFO  UnPackJar:30 - Extracting file: META-INF/maven/
2016-04-08 16:48:19 INFO  UnPackJar:30 - Extracting file: META-INF/maven/com.vanya/
2016-04-08 16:48:19 INFO  UnPackJar:30 - Extracting file: META-INF/maven/com.vanya/site/
2016-04-08 16:48:19 INFO  UnPackJar:30 - Extracting file: META-INF/maven/com.vanya/site/pom.xml
2016-04-08 16:48:19 INFO  UnPackJar:30 - Extracting file: META-INF/maven/com.vanya/site/pom.properties
2016-04-08 16:48:27 INFO  UnPackJar:30 - Extracting file: META-INF/
2016-04-08 16:48:27 INFO  UnPackJar:30 - Extracting file: META-INF/MANIFEST.MF
2016-04-08 16:48:27 INFO  UnPackJar:30 - Extracting file: processor/
2016-04-08 16:48:27 INFO  UnPackJar:30 - Extracting file: processor/ExitPage.class
2016-04-08 16:48:27 INFO  UnPackJar:30 - Extracting file: processor/Main.class
2016-04-08 16:48:27 INFO  UnPackJar:30 - Extracting file: structure.xml
2016-04-08 16:48:27 INFO  UnPackJar:30 - Extracting file: META-INF/maven/
2016-04-08 16:48:27 INFO  UnPackJar:30 - Extracting file: META-INF/maven/com.vanya/
2016-04-08 16:48:27 INFO  UnPackJar:30 - Extracting file: META-INF/maven/com.vanya/site/
2016-04-08 16:48:27 INFO  UnPackJar:30 - Extracting file: META-INF/maven/com.vanya/site/pom.xml
2016-04-08 16:48:27 INFO  UnPackJar:30 - Extracting file: META-INF/maven/com.vanya/site/pom.properties
2016-04-08 16:48:40 INFO  UnPackJar:30 - Extracting file: META-INF/
2016-04-08 16:48:40 INFO  UnPackJar:30 - Extracting file: META-INF/MANIFEST.MF
2016-04-08 16:48:40 INFO  UnPackJar:30 - Extracting file: processor/
2016-04-08 16:48:40 INFO  UnPackJar:30 - Extracting file: processor/ExitPage.class
2016-04-08 16:48:40 INFO  UnPackJar:30 - Extracting file: processor/Main.class
2016-04-08 16:48:40 INFO  UnPackJar:30 - Extracting file: structure.xml
2016-04-08 16:48:40 INFO  UnPackJar:30 - Extracting file: META-INF/maven/
2016-04-08 16:48:40 INFO  UnPackJar:30 - Extracting file: META-INF/maven/com.vanya/
2016-04-08 16:48:40 INFO  UnPackJar:30 - Extracting file: META-INF/maven/com.vanya/site/
2016-04-08 16:48:40 INFO  UnPackJar:30 - Extracting file: META-INF/maven/com.vanya/site/pom.xml
2016-04-08 16:48:40 INFO  UnPackJar:30 - Extracting file: META-INF/maven/com.vanya/site/pom.properties
2016-04-08 16:49:01 INFO  UnPackJar:30 - Extracting file: META-INF/
2016-04-08 16:49:01 INFO  UnPackJar:30 - Extracting file: META-INF/MANIFEST.MF
2016-04-08 16:49:01 INFO  UnPackJar:30 - Extracting file: processor/
2016-04-08 16:49:01 INFO  UnPackJar:30 - Extracting file: processor/ExitPage.class
2016-04-08 16:49:01 INFO  UnPackJar:30 - Extracting file: processor/Main.class
2016-04-08 16:49:01 INFO  UnPackJar:30 - Extracting file: structure.xml
2016-04-08 16:49:01 INFO  UnPackJar:30 - Extracting file: META-INF/maven/
2016-04-08 16:49:01 INFO  UnPackJar:30 - Extracting file: META-INF/maven/com.vanya/
2016-04-08 16:49:01 INFO  UnPackJar:30 - Extracting file: META-INF/maven/com.vanya/site/
2016-04-08 16:49:01 INFO  UnPackJar:30 - Extracting file: META-INF/maven/com.vanya/site/pom.xml
2016-04-08 16:49:01 INFO  UnPackJar:30 - Extracting file: META-INF/maven/com.vanya/site/pom.properties
2016-04-08 16:49:45 INFO  UnPackJar:30 - Extracting file: META-INF/
2016-04-08 16:49:45 INFO  UnPackJar:30 - Extracting file: META-INF/MANIFEST.MF
2016-04-08 16:49:45 INFO  UnPackJar:30 - Extracting file: processor/
2016-04-08 16:49:45 INFO  UnPackJar:30 - Extracting file: processor/ExitPage.class
2016-04-08 16:49:45 INFO  UnPackJar:30 - Extracting file: processor/Main.class
2016-04-08 16:49:45 INFO  UnPackJar:30 - Extracting file: structure.xml
2016-04-08 16:49:45 INFO  UnPackJar:30 - Extracting file: META-INF/maven/
2016-04-08 16:49:45 INFO  UnPackJar:30 - Extracting file: META-INF/maven/com.vanya/
2016-04-08 16:49:45 INFO  UnPackJar:30 - Extracting file: META-INF/maven/com.vanya/site/
2016-04-08 16:49:45 INFO  UnPackJar:30 - Extracting file: META-INF/maven/com.vanya/site/pom.xml
2016-04-08 16:49:45 INFO  UnPackJar:30 - Extracting file: META-INF/maven/com.vanya/site/pom.properties
2016-04-08 16:50:22 INFO  UnPackJar:30 - Extracting file: META-INF/
2016-04-08 16:50:22 INFO  UnPackJar:30 - Extracting file: META-INF/MANIFEST.MF
2016-04-08 16:50:22 INFO  UnPackJar:30 - Extracting file: processor/
2016-04-08 16:50:22 INFO  UnPackJar:30 - Extracting file: processor/ExitPage.class
2016-04-08 16:50:22 INFO  UnPackJar:30 - Extracting file: processor/Main.class
2016-04-08 16:50:22 INFO  UnPackJar:30 - Extracting file: structure.xml
2016-04-08 16:50:22 INFO  UnPackJar:30 - Extracting file: META-INF/maven/
2016-04-08 16:50:22 INFO  UnPackJar:30 - Extracting file: META-INF/maven/com.vanya/
2016-04-08 16:50:22 INFO  UnPackJar:30 - Extracting file: META-INF/maven/com.vanya/site/
2016-04-08 16:50:22 INFO  UnPackJar:30 - Extracting file: META-INF/maven/com.vanya/site/pom.xml
2016-04-08 16:50:22 INFO  UnPackJar:30 - Extracting file: META-INF/maven/com.vanya/site/pom.properties
2016-04-08 16:50:22 ERROR ProcessorHolder:69 - I can't create instance class processor.Exit, because processor.Exit
2016-04-08 16:50:29 INFO  UnPackJar:30 - Extracting file: META-INF/
2016-04-08 16:50:29 INFO  UnPackJar:30 - Extracting file: META-INF/MANIFEST.MF
2016-04-08 16:50:29 INFO  UnPackJar:30 - Extracting file: processor/
2016-04-08 16:50:29 INFO  UnPackJar:30 - Extracting file: processor/ExitPage.class
2016-04-08 16:50:29 INFO  UnPackJar:30 - Extracting file: processor/Main.class
2016-04-08 16:50:29 INFO  UnPackJar:30 - Extracting file: structure.xml
2016-04-08 16:50:29 INFO  UnPackJar:30 - Extracting file: META-INF/maven/
2016-04-08 16:50:29 INFO  UnPackJar:30 - Extracting file: META-INF/maven/com.vanya/
2016-04-08 16:50:29 INFO  UnPackJar:30 - Extracting file: META-INF/maven/com.vanya/site/
2016-04-08 16:50:29 INFO  UnPackJar:30 - Extracting file: META-INF/maven/com.vanya/site/pom.xml
2016-04-08 16:50:29 INFO  UnPackJar:30 - Extracting file: META-INF/maven/com.vanya/site/pom.properties
2016-04-08 16:50:55 ERROR ProcessorHolder:69 - I can't create instance class processor.Exit, because processor.Exit
2016-04-08 16:51:21 INFO  UnPackJar:30 - Extracting file: META-INF/
2016-04-08 16:51:21 INFO  UnPackJar:30 - Extracting file: META-INF/MANIFEST.MF
2016-04-08 16:51:21 INFO  UnPackJar:30 - Extracting file: processor/
2016-04-08 16:51:21 INFO  UnPackJar:30 - Extracting file: processor/ExitPage.class
2016-04-08 16:51:21 INFO  UnPackJar:30 - Extracting file: processor/Main.class
2016-04-08 16:51:21 INFO  UnPackJar:30 - Extracting file: structure.xml
2016-04-08 16:51:21 INFO  UnPackJar:30 - Extracting file: META-INF/maven/
2016-04-08 16:51:21 INFO  UnPackJar:30 - Extracting file: META-INF/maven/com.vanya/
2016-04-08 16:51:21 INFO  UnPackJar:30 - Extracting file: META-INF/maven/com.vanya/site/
2016-04-08 16:51:21 INFO  UnPackJar:30 - Extracting file: META-INF/maven/com.vanya/site/pom.xml
2016-04-08 16:51:21 INFO  UnPackJar:30 - Extracting file: META-INF/maven/com.vanya/site/pom.properties
2016-04-08 16:51:32 ERROR ProcessorHolder:69 - I can't create instance class processor.Exit, because processor.Exit
2016-04-08 16:55:37 INFO  UnPackJar:30 - Extracting file: META-INF/
2016-04-08 16:55:37 INFO  UnPackJar:30 - Extracting file: META-INF/MANIFEST.MF
2016-04-08 16:55:37 INFO  UnPackJar:30 - Extracting file: processor/
2016-04-08 16:55:37 INFO  UnPackJar:30 - Extracting file: processor/ExitPage.class
2016-04-08 16:55:37 INFO  UnPackJar:30 - Extracting file: processor/Main.class
2016-04-08 16:55:37 INFO  UnPackJar:30 - Extracting file: structure.xml
2016-04-08 16:55:37 INFO  UnPackJar:30 - Extracting file: META-INF/maven/
2016-04-08 16:55:37 INFO  UnPackJar:30 - Extracting file: META-INF/maven/com.vanya/
2016-04-08 16:55:37 INFO  UnPackJar:30 - Extracting file: META-INF/maven/com.vanya/site/
2016-04-08 16:55:37 INFO  UnPackJar:30 - Extracting file: META-INF/maven/com.vanya/site/pom.xml
2016-04-08 16:55:37 INFO  UnPackJar:30 - Extracting file: META-INF/maven/com.vanya/site/pom.properties
2016-04-08 16:55:51 ERROR ProcessorHolder:69 - I can't create instance class Exit, because Exit
2016-04-08 16:56:29 INFO  UnPackJar:30 - Extracting file: META-INF/
2016-04-08 16:56:29 INFO  UnPackJar:30 - Extracting file: META-INF/MANIFEST.MF
2016-04-08 16:56:29 INFO  UnPackJar:30 - Extracting file: processor/
2016-04-08 16:56:29 INFO  UnPackJar:30 - Extracting file: processor/ExitPage.class
2016-04-08 16:56:29 INFO  UnPackJar:30 - Extracting file: processor/Main.class
2016-04-08 16:56:29 INFO  UnPackJar:30 - Extracting file: structure.xml
2016-04-08 16:56:29 INFO  UnPackJar:30 - Extracting file: META-INF/maven/
2016-04-08 16:56:29 INFO  UnPackJar:30 - Extracting file: META-INF/maven/com.vanya/
2016-04-08 16:56:29 INFO  UnPackJar:30 - Extracting file: META-INF/maven/com.vanya/site/
2016-04-08 16:56:29 INFO  UnPackJar:30 - Extracting file: META-INF/maven/com.vanya/site/pom.xml
2016-04-08 16:56:29 INFO  UnPackJar:30 - Extracting file: META-INF/maven/com.vanya/site/pom.properties
2016-04-08 16:56:29 ERROR ProcessorHolder:71 - I can't create instance class Exit, because Exit
2016-04-08 16:56:58 INFO  UnPackJar:30 - Extracting file: META-INF/
2016-04-08 16:56:58 INFO  UnPackJar:30 - Extracting file: META-INF/MANIFEST.MF
2016-04-08 16:56:58 INFO  UnPackJar:30 - Extracting file: processor/
2016-04-08 16:56:58 INFO  UnPackJar:30 - Extracting file: processor/ExitPage.class
2016-04-08 16:56:58 INFO  UnPackJar:30 - Extracting file: processor/Main.class
2016-04-08 16:56:58 INFO  UnPackJar:30 - Extracting file: structure.xml
2016-04-08 16:56:58 INFO  UnPackJar:30 - Extracting file: META-INF/maven/
2016-04-08 16:56:58 INFO  UnPackJar:30 - Extracting file: META-INF/maven/com.vanya/
2016-04-08 16:56:58 INFO  UnPackJar:30 - Extracting file: META-INF/maven/com.vanya/site/
2016-04-08 16:56:58 INFO  UnPackJar:30 - Extracting file: META-INF/maven/com.vanya/site/pom.xml
2016-04-08 16:56:58 INFO  UnPackJar:30 - Extracting file: META-INF/maven/com.vanya/site/pom.properties
2016-04-08 16:56:58 ERROR ProcessorHolder:71 - I can't create instance class Exit, because tempDir/Exit
2016-04-08 16:57:11 INFO  UnPackJar:30 - Extracting file: META-INF/
2016-04-08 16:57:11 INFO  UnPackJar:30 - Extracting file: META-INF/MANIFEST.MF
2016-04-08 16:57:11 INFO  UnPackJar:30 - Extracting file: processor/
2016-04-08 16:57:11 INFO  UnPackJar:30 - Extracting file: processor/ExitPage.class
2016-04-08 16:57:11 INFO  UnPackJar:30 - Extracting file: processor/Main.class
2016-04-08 16:57:11 INFO  UnPackJar:30 - Extracting file: structure.xml
2016-04-08 16:57:11 INFO  UnPackJar:30 - Extracting file: META-INF/maven/
2016-04-08 16:57:11 INFO  UnPackJar:30 - Extracting file: META-INF/maven/com.vanya/
2016-04-08 16:57:11 INFO  UnPackJar:30 - Extracting file: META-INF/maven/com.vanya/site/
2016-04-08 16:57:11 INFO  UnPackJar:30 - Extracting file: META-INF/maven/com.vanya/site/pom.xml
2016-04-08 16:57:11 INFO  UnPackJar:30 - Extracting file: META-INF/maven/com.vanya/site/pom.properties
2016-04-08 16:57:11 ERROR ProcessorHolder:71 - I can't create instance class Exit, because tempDir/Exitclass
2016-04-08 16:57:23 INFO  UnPackJar:30 - Extracting file: META-INF/
2016-04-08 16:57:23 INFO  UnPackJar:30 - Extracting file: META-INF/MANIFEST.MF
2016-04-08 16:57:23 INFO  UnPackJar:30 - Extracting file: processor/
2016-04-08 16:57:23 INFO  UnPackJar:30 - Extracting file: processor/ExitPage.class
2016-04-08 16:57:23 INFO  UnPackJar:30 - Extracting file: processor/Main.class
2016-04-08 16:57:23 INFO  UnPackJar:30 - Extracting file: structure.xml
2016-04-08 16:57:23 INFO  UnPackJar:30 - Extracting file: META-INF/maven/
2016-04-08 16:57:23 INFO  UnPackJar:30 - Extracting file: META-INF/maven/com.vanya/
2016-04-08 16:57:23 INFO  UnPackJar:30 - Extracting file: META-INF/maven/com.vanya/site/
2016-04-08 16:57:23 INFO  UnPackJar:30 - Extracting file: META-INF/maven/com.vanya/site/pom.xml
2016-04-08 16:57:23 INFO  UnPackJar:30 - Extracting file: META-INF/maven/com.vanya/site/pom.properties
2016-04-08 16:57:23 ERROR ProcessorHolder:71 - I can't create instance class Exit, because tempDir/Exit.class
2016-04-08 16:57:55 INFO  UnPackJar:30 - Extracting file: META-INF/
2016-04-08 16:57:55 INFO  UnPackJar:30 - Extracting file: META-INF/MANIFEST.MF
2016-04-08 16:57:55 INFO  UnPackJar:30 - Extracting file: processor/
2016-04-08 16:57:55 INFO  UnPackJar:30 - Extracting file: processor/ExitPage.class
2016-04-08 16:57:55 INFO  UnPackJar:30 - Extracting file: processor/Main.class
2016-04-08 16:57:55 INFO  UnPackJar:30 - Extracting file: structure.xml
2016-04-08 16:57:55 INFO  UnPackJar:30 - Extracting file: META-INF/maven/
2016-04-08 16:57:55 INFO  UnPackJar:30 - Extracting file: META-INF/maven/com.vanya/
2016-04-08 16:57:55 INFO  UnPackJar:30 - Extracting file: META-INF/maven/com.vanya/site/
2016-04-08 16:57:55 INFO  UnPackJar:30 - Extracting file: META-INF/maven/com.vanya/site/pom.xml
2016-04-08 16:57:55 INFO  UnPackJar:30 - Extracting file: META-INF/maven/com.vanya/site/pom.properties
2016-04-08 16:57:55 ERROR ProcessorHolder:71 - I can't create instance class Exit, because tempDir/Exit.class
2016-04-08 16:58:21 INFO  UnPackJar:30 - Extracting file: META-INF/
2016-04-08 16:58:21 INFO  UnPackJar:30 - Extracting file: META-INF/MANIFEST.MF
2016-04-08 16:58:21 INFO  UnPackJar:30 - Extracting file: processor/
2016-04-08 16:58:21 INFO  UnPackJar:30 - Extracting file: processor/ExitPage.class
2016-04-08 16:58:21 INFO  UnPackJar:30 - Extracting file: processor/Main.class
2016-04-08 16:58:21 INFO  UnPackJar:30 - Extracting file: structure.xml
2016-04-08 16:58:21 INFO  UnPackJar:30 - Extracting file: META-INF/maven/
2016-04-08 16:58:21 INFO  UnPackJar:30 - Extracting file: META-INF/maven/com.vanya/
2016-04-08 16:58:21 INFO  UnPackJar:30 - Extracting file: META-INF/maven/com.vanya/site/
2016-04-08 16:58:21 INFO  UnPackJar:30 - Extracting file: META-INF/maven/com.vanya/site/pom.xml
2016-04-08 16:58:21 INFO  UnPackJar:30 - Extracting file: META-INF/maven/com.vanya/site/pom.properties
2016-04-08 16:58:21 ERROR ProcessorHolder:71 - I can't create instance class Exit, because tempDir/Exit.class
2016-04-08 16:58:40 INFO  UnPackJar:30 - Extracting file: META-INF/
2016-04-08 16:58:40 INFO  UnPackJar:30 - Extracting file: META-INF/MANIFEST.MF
2016-04-08 16:58:40 INFO  UnPackJar:30 - Extracting file: processor/
2016-04-08 16:58:40 INFO  UnPackJar:30 - Extracting file: processor/ExitPage.class
2016-04-08 16:58:40 INFO  UnPackJar:30 - Extracting file: processor/Main.class
2016-04-08 16:58:40 INFO  UnPackJar:30 - Extracting file: structure.xml
2016-04-08 16:58:40 INFO  UnPackJar:30 - Extracting file: META-INF/maven/
2016-04-08 16:58:40 INFO  UnPackJar:30 - Extracting file: META-INF/maven/com.vanya/
2016-04-08 16:58:40 INFO  UnPackJar:30 - Extracting file: META-INF/maven/com.vanya/site/
2016-04-08 16:58:40 INFO  UnPackJar:30 - Extracting file: META-INF/maven/com.vanya/site/pom.xml
2016-04-08 16:58:40 INFO  UnPackJar:30 - Extracting file: META-INF/maven/com.vanya/site/pom.properties
2016-04-08 16:58:40 ERROR ProcessorHolder:71 - I can't create instance class ExitPage, because tempDir/ExitPage.class
2016-04-08 16:59:23 INFO  UnPackJar:30 - Extracting file: META-INF/
2016-04-08 16:59:23 INFO  UnPackJar:30 - Extracting file: META-INF/MANIFEST.MF
2016-04-08 16:59:23 INFO  UnPackJar:30 - Extracting file: processor/
2016-04-08 16:59:23 INFO  UnPackJar:30 - Extracting file: processor/ExitPage.class
2016-04-08 16:59:23 INFO  UnPackJar:30 - Extracting file: processor/Main.class
2016-04-08 16:59:23 INFO  UnPackJar:30 - Extracting file: structure.xml
2016-04-08 16:59:23 INFO  UnPackJar:30 - Extracting file: META-INF/maven/
2016-04-08 16:59:23 INFO  UnPackJar:30 - Extracting file: META-INF/maven/com.vanya/
2016-04-08 16:59:23 INFO  UnPackJar:30 - Extracting file: META-INF/maven/com.vanya/site/
2016-04-08 16:59:23 INFO  UnPackJar:30 - Extracting file: META-INF/maven/com.vanya/site/pom.xml
2016-04-08 16:59:23 INFO  UnPackJar:30 - Extracting file: META-INF/maven/com.vanya/site/pom.properties
2016-04-08 16:59:23 ERROR ProcessorHolder:71 - I can't create instance class ExitPage, because ExitPage
2016-04-08 17:01:13 INFO  UnPackJar:30 - Extracting file: META-INF/
2016-04-08 17:01:13 INFO  UnPackJar:30 - Extracting file: META-INF/MANIFEST.MF
2016-04-08 17:01:13 INFO  UnPackJar:30 - Extracting file: processor/
2016-04-08 17:01:13 INFO  UnPackJar:30 - Extracting file: processor/ExitPage.class
2016-04-08 17:01:13 INFO  UnPackJar:30 - Extracting file: processor/Main.class
2016-04-08 17:01:13 INFO  UnPackJar:30 - Extracting file: structure.xml
2016-04-08 17:01:13 INFO  UnPackJar:30 - Extracting file: META-INF/maven/
2016-04-08 17:01:13 INFO  UnPackJar:30 - Extracting file: META-INF/maven/com.vanya/
2016-04-08 17:01:13 INFO  UnPackJar:30 - Extracting file: META-INF/maven/com.vanya/site/
2016-04-08 17:01:13 INFO  UnPackJar:30 - Extracting file: META-INF/maven/com.vanya/site/pom.xml
2016-04-08 17:01:13 INFO  UnPackJar:30 - Extracting file: META-INF/maven/com.vanya/site/pom.properties
2016-04-08 17:01:13 ERROR ProcessorHolder:71 - I can't create instance class ExitPage, because ExitPage.class
2016-04-08 17:01:38 INFO  UnPackJar:30 - Extracting file: META-INF/
2016-04-08 17:01:38 INFO  UnPackJar:30 - Extracting file: META-INF/MANIFEST.MF
2016-04-08 17:01:38 INFO  UnPackJar:30 - Extracting file: processor/
2016-04-08 17:01:38 INFO  UnPackJar:30 - Extracting file: processor/ExitPage.class
2016-04-08 17:01:38 INFO  UnPackJar:30 - Extracting file: processor/Main.class
2016-04-08 17:01:38 INFO  UnPackJar:30 - Extracting file: structure.xml
2016-04-08 17:01:38 INFO  UnPackJar:30 - Extracting file: META-INF/maven/
2016-04-08 17:01:38 INFO  UnPackJar:30 - Extracting file: META-INF/maven/com.vanya/
2016-04-08 17:01:38 INFO  UnPackJar:30 - Extracting file: META-INF/maven/com.vanya/site/
2016-04-08 17:01:38 INFO  UnPackJar:30 - Extracting file: META-INF/maven/com.vanya/site/pom.xml
2016-04-08 17:01:38 INFO  UnPackJar:30 - Extracting file: META-INF/maven/com.vanya/site/pom.properties
2016-04-08 17:01:38 ERROR ProcessorHolder:71 - I can't create instance class ExitPage, because tempDir/ExitPage.class
2016-04-08 17:05:08 INFO  UnPackJar:30 - Extracting file: META-INF/
2016-04-08 17:05:08 INFO  UnPackJar:30 - Extracting file: META-INF/MANIFEST.MF
2016-04-08 17:05:08 INFO  UnPackJar:30 - Extracting file: processor/
2016-04-08 17:05:08 INFO  UnPackJar:30 - Extracting file: processor/ExitPage.class
2016-04-08 17:05:08 INFO  UnPackJar:30 - Extracting file: processor/Main.class
2016-04-08 17:05:08 INFO  UnPackJar:30 - Extracting file: structure.xml
2016-04-08 17:05:08 INFO  UnPackJar:30 - Extracting file: META-INF/maven/
2016-04-08 17:05:08 INFO  UnPackJar:30 - Extracting file: META-INF/maven/com.vanya/
2016-04-08 17:05:08 INFO  UnPackJar:30 - Extracting file: META-INF/maven/com.vanya/site/
2016-04-08 17:05:08 INFO  UnPackJar:30 - Extracting file: META-INF/maven/com.vanya/site/pom.xml
2016-04-08 17:05:08 INFO  UnPackJar:30 - Extracting file: META-INF/maven/com.vanya/site/pom.properties
2016-04-08 17:05:08 ERROR ProcessorHolder:71 - I can't create instance class ExitPage, because ExitPage
2016-04-08 17:07:20 INFO  UnPackJar:30 - Extracting file: META-INF/
2016-04-08 17:07:20 INFO  UnPackJar:30 - Extracting file: META-INF/MANIFEST.MF
2016-04-08 17:07:20 INFO  UnPackJar:30 - Extracting file: processor/
2016-04-08 17:07:20 INFO  UnPackJar:30 - Extracting file: processor/ExitPage.class
2016-04-08 17:07:20 INFO  UnPackJar:30 - Extracting file: processor/Main.class
2016-04-08 17:07:20 INFO  UnPackJar:30 - Extracting file: structure.xml
2016-04-08 17:07:20 INFO  UnPackJar:30 - Extracting file: META-INF/maven/
2016-04-08 17:07:20 INFO  UnPackJar:30 - Extracting file: META-INF/maven/com.vanya/
2016-04-08 17:07:20 INFO  UnPackJar:30 - Extracting file: META-INF/maven/com.vanya/site/
2016-04-08 17:07:20 INFO  UnPackJar:30 - Extracting file: META-INF/maven/com.vanya/site/pom.xml
2016-04-08 17:07:20 INFO  UnPackJar:30 - Extracting file: META-INF/maven/com.vanya/site/pom.properties
2016-04-08 17:07:20 ERROR ProcessorHolder:71 - I can't create instance class ExitPage, because ExitPage
2016-04-08 17:07:42 INFO  UnPackJar:30 - Extracting file: META-INF/
2016-04-08 17:07:42 INFO  UnPackJar:30 - Extracting file: META-INF/MANIFEST.MF
2016-04-08 17:07:42 INFO  UnPackJar:30 - Extracting file: processor/
2016-04-08 17:07:42 INFO  UnPackJar:30 - Extracting file: processor/ExitPage.class
2016-04-08 17:07:42 INFO  UnPackJar:30 - Extracting file: processor/Main.class
2016-04-08 17:07:42 INFO  UnPackJar:30 - Extracting file: structure.xml
2016-04-08 17:07:42 INFO  UnPackJar:30 - Extracting file: META-INF/maven/
2016-04-08 17:07:42 INFO  UnPackJar:30 - Extracting file: META-INF/maven/com.vanya/
2016-04-08 17:07:42 INFO  UnPackJar:30 - Extracting file: META-INF/maven/com.vanya/site/
2016-04-08 17:07:42 INFO  UnPackJar:30 - Extracting file: META-INF/maven/com.vanya/site/pom.xml
2016-04-08 17:07:42 INFO  UnPackJar:30 - Extracting file: META-INF/maven/com.vanya/site/pom.properties
2016-04-08 17:07:42 ERROR ProcessorHolder:71 - I can't create instance class ExitPage, because ExitPage
2016-04-08 17:08:50 INFO  UnPackJar:30 - Extracting file: META-INF/
2016-04-08 17:08:50 INFO  UnPackJar:30 - Extracting file: META-INF/MANIFEST.MF
2016-04-08 17:08:50 INFO  UnPackJar:30 - Extracting file: processor/
2016-04-08 17:08:50 INFO  UnPackJar:30 - Extracting file: processor/ExitPage.class
2016-04-08 17:08:50 INFO  UnPackJar:30 - Extracting file: processor/Main.class
2016-04-08 17:08:50 INFO  UnPackJar:30 - Extracting file: structure.xml
2016-04-08 17:08:50 INFO  UnPackJar:30 - Extracting file: META-INF/maven/
2016-04-08 17:08:50 INFO  UnPackJar:30 - Extracting file: META-INF/maven/com.vanya/
2016-04-08 17:08:50 INFO  UnPackJar:30 - Extracting file: META-INF/maven/com.vanya/site/
2016-04-08 17:08:50 INFO  UnPackJar:30 - Extracting file: META-INF/maven/com.vanya/site/pom.xml
2016-04-08 17:08:50 INFO  UnPackJar:30 - Extracting file: META-INF/maven/com.vanya/site/pom.properties
2016-04-08 17:08:50 ERROR ProcessorHolder:71 - I can't create instance class ExitPage, because ExitPage
2016-04-08 17:09:10 INFO  UnPackJar:30 - Extracting file: META-INF/
2016-04-08 17:09:10 INFO  UnPackJar:30 - Extracting file: META-INF/MANIFEST.MF
2016-04-08 17:09:10 INFO  UnPackJar:30 - Extracting file: processor/
2016-04-08 17:09:10 INFO  UnPackJar:30 - Extracting file: processor/ExitPage.class
2016-04-08 17:09:10 INFO  UnPackJar:30 - Extracting file: processor/Main.class
2016-04-08 17:09:10 INFO  UnPackJar:30 - Extracting file: structure.xml
2016-04-08 17:09:10 INFO  UnPackJar:30 - Extracting file: META-INF/maven/
2016-04-08 17:09:10 INFO  UnPackJar:30 - Extracting file: META-INF/maven/com.vanya/
2016-04-08 17:09:10 INFO  UnPackJar:30 - Extracting file: META-INF/maven/com.vanya/site/
2016-04-08 17:09:10 INFO  UnPackJar:30 - Extracting file: META-INF/maven/com.vanya/site/pom.xml
2016-04-08 17:09:10 INFO  UnPackJar:30 - Extracting file: META-INF/maven/com.vanya/site/pom.properties
